N	
H	1	6.047577001886185	
C	2	5.100343806202971	1	8.529676231421236	
H	3	5.045325941171771	2	8.77077170791396	1	98.08114309768006	
C	4	5.39771983259703	3	16.724659974836694	2	33.76200122817908	
H	5	5.116329161886317	4	25.75964032638077	3	-167.47999405445125	
H	6	1.360385552331745	5	78.1964760093915	4	-75.52707731101724	
C	7	5.048913411331809	6	95.84866841232777	5	-8.70898869669242	
H	8	5.116413297127008	7	17.477860580675337	6	-175.39568795750867	
H	9	1.2904272317083503	8	78.27966620952066	7	6.941925032718225	
C	10	5.321667726945659	9	88.44315149453277	8	16.391487253262444	
H	11	5.085271148441549	10	25.33196636561868	9	109.54248776125735	
H	12	0.6920989784925158	11	80.11491633431345	10	-69.33575550076065	
C	13	5.200332684510692	12	105.010910159779	11	-9.050632658117673	
H	14	5.0111013572966	13	17.621438106547153	12	-171.62046869370735	
H	15	1.377391438399613	14	86.49327122090324	13	81.7447107151604	
N	16	6.315658382962193	15	74.79497534613752	14	11.608645552984884	
H	17	6.004457662339454	16	16.282770067926105	15	37.95345336649061	
H	18	1.2385357430312671	17	87.79318785695469	16	-146.16183126477657	
H	19	1.5992517034730929	18	33.67768475119629	17	-89.93039233380607	
H	20	5.801853479160768	19	10.360708399172259	18	-0.0	
H	21	2.6973340190243698	20	159.19773512774142	19	-180.0	
